dez. 04, 2024 3:29:23 PM com.outsera.tests.steps.api.ValidaacoApiSteps configurarApi
INFORMAÇÕES: API configurada com headers: {Content-Type=application/json}
dez. 04, 2024 3:29:23 PM com.outsera.tests.steps.api.ValidaacoApiSteps euFacoUmaRequisicaoGET
INFORMAÇÕES: Iniciando requisição GET para: /api/users?page=2
dez. 04, 2024 3:29:24 PM com.outsera.tests.steps.api.ValidaacoApiSteps euFacoUmaRequisicaoGET
INFORMAÇÕES: Resposta recebida: {
    "page": 2,
    "per_page": 6,
    "total": 12,
    "total_pages": 2,
    "data": [
        {
            "id": 7,
            "email": "michael.lawson@reqres.in",
            "first_name": "Michael",
            "last_name": "Lawson",
            "avatar": "https://reqres.in/img/faces/7-image.jpg"
        },
        {
            "id": 8,
            "email": "lindsay.ferguson@reqres.in",
            "first_name": "Lindsay",
            "last_name": "Ferguson",
            "avatar": "https://reqres.in/img/faces/8-image.jpg"
        },
        {
            "id": 9,
            "email": "tobias.funke@reqres.in",
            "first_name": "Tobias",
            "last_name": "Funke",
            "avatar": "https://reqres.in/img/faces/9-image.jpg"
        },
        {
            "id": 10,
            "email": "byron.fields@reqres.in",
            "first_name": "Byron",
            "last_name": "Fields",
            "avatar": "https://reqres.in/img/faces/10-image.jpg"
        },
        {
            "id": 11,
            "email": "george.edwards@reqres.in",
            "first_name": "George",
            "last_name": "Edwards",
            "avatar": "https://reqres.in/img/faces/11-image.jpg"
        },
        {
            "id": 12,
            "email": "rachel.howell@reqres.in",
            "first_name": "Rachel",
            "last_name": "Howell",
            "avatar": "https://reqres.in/img/faces/12-image.jpg"
        }
    ],
    "support": {
        "url": "https://contentcaddy.io?utm_source=reqres&utm_medium=json&utm_campaign=referral",
        "text": "Tired of writing endless social media content? Let Content Caddy generate it for you."
    }
}
dez. 04, 2024 3:29:24 PM com.outsera.tests.steps.api.ValidaacoApiSteps validarStatusDaResposta
INFORMAÇÕES: Validando status da resposta. Esperado: 200
dez. 04, 2024 3:29:24 PM com.outsera.tests.steps.api.ValidaacoApiSteps validarStatusDaResposta
INFORMAÇÕES: Status validado com sucesso.
dez. 04, 2024 3:29:24 PM com.outsera.tests.steps.api.ValidaacoApiSteps validarCampoInt
INFORMAÇÕES: Validando campo: page. Valor esperado: 2
dez. 04, 2024 3:29:24 PM com.outsera.tests.steps.api.ValidaacoApiSteps validarCampoInt
INFORMAÇÕES: Campo validado com sucesso.
dez. 04, 2024 3:29:24 PM com.outsera.tests.steps.api.ValidaacoApiSteps validarCampoInt
INFORMAÇÕES: Validando campo: total. Valor esperado: 12
dez. 04, 2024 3:29:24 PM com.outsera.tests.steps.api.ValidaacoApiSteps validarCampoInt
INFORMAÇÕES: Campo validado com sucesso.
dez. 04, 2024 3:29:24 PM com.outsera.tests.steps.api.ValidaacoApiSteps configurarApi
INFORMAÇÕES: API configurada com headers: {Content-Type=application/json}
dez. 04, 2024 3:29:24 PM com.outsera.tests.steps.api.ValidaacoApiSteps euFacoUmaRequisicaoGET
INFORMAÇÕES: Iniciando requisição GET para: /api/users
dez. 04, 2024 3:29:24 PM com.outsera.tests.steps.api.ValidaacoApiSteps euFacoUmaRequisicaoGET
INFORMAÇÕES: Resposta recebida: {
    "page": 1,
    "per_page": 6,
    "total": 12,
    "total_pages": 2,
    "data": [
        {
            "id": 1,
            "email": "george.bluth@reqres.in",
            "first_name": "George",
            "last_name": "Bluth",
            "avatar": "https://reqres.in/img/faces/1-image.jpg"
        },
        {
            "id": 2,
            "email": "janet.weaver@reqres.in",
            "first_name": "Janet",
            "last_name": "Weaver",
            "avatar": "https://reqres.in/img/faces/2-image.jpg"
        },
        {
            "id": 3,
            "email": "emma.wong@reqres.in",
            "first_name": "Emma",
            "last_name": "Wong",
            "avatar": "https://reqres.in/img/faces/3-image.jpg"
        },
        {
            "id": 4,
            "email": "eve.holt@reqres.in",
            "first_name": "Eve",
            "last_name": "Holt",
            "avatar": "https://reqres.in/img/faces/4-image.jpg"
        },
        {
            "id": 5,
            "email": "charles.morris@reqres.in",
            "first_name": "Charles",
            "last_name": "Morris",
            "avatar": "https://reqres.in/img/faces/5-image.jpg"
        },
        {
            "id": 6,
            "email": "tracey.ramos@reqres.in",
            "first_name": "Tracey",
            "last_name": "Ramos",
            "avatar": "https://reqres.in/img/faces/6-image.jpg"
        }
    ],
    "support": {
        "url": "https://contentcaddy.io?utm_source=reqres&utm_medium=json&utm_campaign=referral",
        "text": "Tired of writing endless social media content? Let Content Caddy generate it for you."
    }
}
dez. 04, 2024 3:29:24 PM com.outsera.tests.steps.api.ValidaacoApiSteps validarStatusDaResposta
INFORMAÇÕES: Validando status da resposta. Esperado: 200
dez. 04, 2024 3:29:24 PM com.outsera.tests.steps.api.ValidaacoApiSteps validarStatusDaResposta
INFORMAÇÕES: Status validado com sucesso.
dez. 04, 2024 3:29:24 PM com.outsera.tests.steps.api.ValidaacoApiSteps validarCampoInt
INFORMAÇÕES: Validando campo: page. Valor esperado: 1
dez. 04, 2024 3:29:24 PM com.outsera.tests.steps.api.ValidaacoApiSteps validarCampoInt
INFORMAÇÕES: Campo validado com sucesso.
dez. 04, 2024 3:29:24 PM com.outsera.tests.steps.api.ValidaacoApiSteps validarCampoInt
INFORMAÇÕES: Validando campo: per_page. Valor esperado: 6
dez. 04, 2024 3:29:24 PM com.outsera.tests.steps.api.ValidaacoApiSteps validarCampoInt
INFORMAÇÕES: Campo validado com sucesso.
dez. 04, 2024 3:29:24 PM com.outsera.tests.steps.api.ValidaacoApiSteps validarCampoInt
INFORMAÇÕES: Validando campo: total. Valor esperado: 12
dez. 04, 2024 3:29:24 PM com.outsera.tests.steps.api.ValidaacoApiSteps validarCampoInt
INFORMAÇÕES: Campo validado com sucesso.
dez. 04, 2024 3:29:24 PM com.outsera.tests.steps.api.ValidaacoApiSteps validarCampoInt
INFORMAÇÕES: Validando campo: total_pages. Valor esperado: 2
dez. 04, 2024 3:29:24 PM com.outsera.tests.steps.api.ValidaacoApiSteps validarCampoInt
INFORMAÇÕES: Campo validado com sucesso.
dez. 04, 2024 3:29:24 PM com.outsera.tests.steps.api.ValidaacoApiSteps validarCampoString
INFORMAÇÕES: Validando campo: data[0].first_name. Valor esperado: George
dez. 04, 2024 3:29:24 PM com.outsera.tests.steps.api.ValidaacoApiSteps validarCampoString
INFORMAÇÕES: Campo validado com sucesso.
dez. 04, 2024 3:29:24 PM com.outsera.tests.steps.api.ValidaacoApiSteps validarCampoString
INFORMAÇÕES: Validando campo: data[1].last_name. Valor esperado: Weaver
dez. 04, 2024 3:29:24 PM com.outsera.tests.steps.api.ValidaacoApiSteps validarCampoString
INFORMAÇÕES: Campo validado com sucesso.
dez. 04, 2024 3:29:24 PM com.outsera.tests.steps.api.ValidaacoApiSteps validarCampoString
INFORMAÇÕES: Validando campo: data[5].email. Valor esperado: tracey.ramos@reqres.in
dez. 04, 2024 3:29:24 PM com.outsera.tests.steps.api.ValidaacoApiSteps validarCampoString
INFORMAÇÕES: Campo validado com sucesso.
dez. 04, 2024 3:29:24 PM com.outsera.tests.steps.api.ValidaacoApiSteps configurarApi
INFORMAÇÕES: API configurada com headers: {Content-Type=application/json}
dez. 04, 2024 3:29:24 PM com.outsera.tests.steps.api.ValidaacoApiSteps euFacoUmaRequisicaoPUT
INFORMAÇÕES: Iniciando requisição PUT para: /api/users/2 com payload: {name=morpheus, job=zion resident}
dez. 04, 2024 3:29:25 PM com.outsera.tests.steps.api.ValidaacoApiSteps euFacoUmaRequisicaoPUT
INFORMAÇÕES: Resposta recebida: {
    "name": "morpheus",
    "job": "zion resident",
    "updatedAt": "2024-12-04T18:29:25.207Z"
}
dez. 04, 2024 3:29:25 PM com.outsera.tests.steps.api.ValidaacoApiSteps validarStatusDaResposta
INFORMAÇÕES: Validando status da resposta. Esperado: 200
dez. 04, 2024 3:29:25 PM com.outsera.tests.steps.api.ValidaacoApiSteps validarStatusDaResposta
INFORMAÇÕES: Status validado com sucesso.
dez. 04, 2024 3:29:25 PM com.outsera.tests.steps.api.ValidaacoApiSteps validarCampoString
INFORMAÇÕES: Validando campo: name. Valor esperado: morpheus
dez. 04, 2024 3:29:25 PM com.outsera.tests.steps.api.ValidaacoApiSteps validarCampoString
INFORMAÇÕES: Campo validado com sucesso.
dez. 04, 2024 3:29:25 PM com.outsera.tests.steps.api.ValidaacoApiSteps validarCampoString
INFORMAÇÕES: Validando campo: job. Valor esperado: zion resident
dez. 04, 2024 3:29:25 PM com.outsera.tests.steps.api.ValidaacoApiSteps validarCampoString
INFORMAÇÕES: Campo validado com sucesso.
dez. 04, 2024 3:29:25 PM com.outsera.tests.steps.api.ValidaacoApiSteps configurarApi
INFORMAÇÕES: API configurada com headers: {Content-Type=application/json}
dez. 04, 2024 3:29:25 PM com.outsera.tests.steps.api.ValidaacoApiSteps euFacoUmaRequisicaoDELETE
INFORMAÇÕES: Iniciando requisição DELETE para: /api/users/2
dez. 04, 2024 3:29:25 PM com.outsera.tests.steps.api.ValidaacoApiSteps euFacoUmaRequisicaoDELETE
INFORMAÇÕES: Resposta recebida: 
dez. 04, 2024 3:29:25 PM com.outsera.tests.steps.api.ValidaacoApiSteps validarStatusDaResposta
INFORMAÇÕES: Validando status da resposta. Esperado: 204
dez. 04, 2024 3:29:25 PM com.outsera.tests.steps.api.ValidaacoApiSteps validarStatusDaResposta
INFORMAÇÕES: Status validado com sucesso.
dez. 04, 2024 3:34:54 PM com.outsera.tests.steps.api.ValidaacoApiSteps configurarApi
INFORMAÇÕES: API configurada com headers: {Content-Type=application/json}
dez. 04, 2024 3:34:54 PM com.outsera.tests.steps.api.ValidaacoApiSteps euFacoUmaRequisicaoGET
INFORMAÇÕES: Iniciando requisição GET para: /api/users?page=2
dez. 04, 2024 3:34:54 PM com.outsera.tests.steps.api.ValidaacoApiSteps euFacoUmaRequisicaoGET
INFORMAÇÕES: Resposta recebida: {
    "page": 2,
    "per_page": 6,
    "total": 12,
    "total_pages": 2,
    "data": [
        {
            "id": 7,
            "email": "michael.lawson@reqres.in",
            "first_name": "Michael",
            "last_name": "Lawson",
            "avatar": "https://reqres.in/img/faces/7-image.jpg"
        },
        {
            "id": 8,
            "email": "lindsay.ferguson@reqres.in",
            "first_name": "Lindsay",
            "last_name": "Ferguson",
            "avatar": "https://reqres.in/img/faces/8-image.jpg"
        },
        {
            "id": 9,
            "email": "tobias.funke@reqres.in",
            "first_name": "Tobias",
            "last_name": "Funke",
            "avatar": "https://reqres.in/img/faces/9-image.jpg"
        },
        {
            "id": 10,
            "email": "byron.fields@reqres.in",
            "first_name": "Byron",
            "last_name": "Fields",
            "avatar": "https://reqres.in/img/faces/10-image.jpg"
        },
        {
            "id": 11,
            "email": "george.edwards@reqres.in",
            "first_name": "George",
            "last_name": "Edwards",
            "avatar": "https://reqres.in/img/faces/11-image.jpg"
        },
        {
            "id": 12,
            "email": "rachel.howell@reqres.in",
            "first_name": "Rachel",
            "last_name": "Howell",
            "avatar": "https://reqres.in/img/faces/12-image.jpg"
        }
    ],
    "support": {
        "url": "https://contentcaddy.io?utm_source=reqres&utm_medium=json&utm_campaign=referral",
        "text": "Tired of writing endless social media content? Let Content Caddy generate it for you."
    }
}
dez. 04, 2024 3:34:54 PM com.outsera.tests.steps.api.ValidaacoApiSteps validarStatusDaResposta
INFORMAÇÕES: Validando status da resposta. Esperado: 200
dez. 04, 2024 3:34:54 PM com.outsera.tests.steps.api.ValidaacoApiSteps validarStatusDaResposta
INFORMAÇÕES: Status validado com sucesso.
dez. 04, 2024 3:34:54 PM com.outsera.tests.steps.api.ValidaacoApiSteps validarCampoInt
INFORMAÇÕES: Validando campo: page. Valor esperado: 2
dez. 04, 2024 3:34:55 PM com.outsera.tests.steps.api.ValidaacoApiSteps validarCampoInt
INFORMAÇÕES: Campo validado com sucesso.
dez. 04, 2024 3:34:55 PM com.outsera.tests.steps.api.ValidaacoApiSteps validarCampoInt
INFORMAÇÕES: Validando campo: total. Valor esperado: 12
dez. 04, 2024 3:34:55 PM com.outsera.tests.steps.api.ValidaacoApiSteps validarCampoInt
INFORMAÇÕES: Campo validado com sucesso.
dez. 04, 2024 3:34:55 PM com.outsera.tests.steps.api.ValidaacoApiSteps configurarApi
INFORMAÇÕES: API configurada com headers: {Content-Type=application/json}
dez. 04, 2024 3:34:55 PM com.outsera.tests.steps.api.ValidaacoApiSteps euFacoUmaRequisicaoGET
INFORMAÇÕES: Iniciando requisição GET para: /api/users
dez. 04, 2024 3:34:55 PM com.outsera.tests.steps.api.ValidaacoApiSteps euFacoUmaRequisicaoGET
INFORMAÇÕES: Resposta recebida: {
    "page": 1,
    "per_page": 6,
    "total": 12,
    "total_pages": 2,
    "data": [
        {
            "id": 1,
            "email": "george.bluth@reqres.in",
            "first_name": "George",
            "last_name": "Bluth",
            "avatar": "https://reqres.in/img/faces/1-image.jpg"
        },
        {
            "id": 2,
            "email": "janet.weaver@reqres.in",
            "first_name": "Janet",
            "last_name": "Weaver",
            "avatar": "https://reqres.in/img/faces/2-image.jpg"
        },
        {
            "id": 3,
            "email": "emma.wong@reqres.in",
            "first_name": "Emma",
            "last_name": "Wong",
            "avatar": "https://reqres.in/img/faces/3-image.jpg"
        },
        {
            "id": 4,
            "email": "eve.holt@reqres.in",
            "first_name": "Eve",
            "last_name": "Holt",
            "avatar": "https://reqres.in/img/faces/4-image.jpg"
        },
        {
            "id": 5,
            "email": "charles.morris@reqres.in",
            "first_name": "Charles",
            "last_name": "Morris",
            "avatar": "https://reqres.in/img/faces/5-image.jpg"
        },
        {
            "id": 6,
            "email": "tracey.ramos@reqres.in",
            "first_name": "Tracey",
            "last_name": "Ramos",
            "avatar": "https://reqres.in/img/faces/6-image.jpg"
        }
    ],
    "support": {
        "url": "https://contentcaddy.io?utm_source=reqres&utm_medium=json&utm_campaign=referral",
        "text": "Tired of writing endless social media content? Let Content Caddy generate it for you."
    }
}
dez. 04, 2024 3:34:55 PM com.outsera.tests.steps.api.ValidaacoApiSteps validarStatusDaResposta
INFORMAÇÕES: Validando status da resposta. Esperado: 200
dez. 04, 2024 3:34:55 PM com.outsera.tests.steps.api.ValidaacoApiSteps validarStatusDaResposta
INFORMAÇÕES: Status validado com sucesso.
dez. 04, 2024 3:34:55 PM com.outsera.tests.steps.api.ValidaacoApiSteps validarCampoInt
INFORMAÇÕES: Validando campo: page. Valor esperado: 1
dez. 04, 2024 3:34:55 PM com.outsera.tests.steps.api.ValidaacoApiSteps validarCampoInt
INFORMAÇÕES: Campo validado com sucesso.
dez. 04, 2024 3:34:55 PM com.outsera.tests.steps.api.ValidaacoApiSteps validarCampoInt
INFORMAÇÕES: Validando campo: per_page. Valor esperado: 6
dez. 04, 2024 3:34:55 PM com.outsera.tests.steps.api.ValidaacoApiSteps validarCampoInt
INFORMAÇÕES: Campo validado com sucesso.
dez. 04, 2024 3:34:55 PM com.outsera.tests.steps.api.ValidaacoApiSteps validarCampoInt
INFORMAÇÕES: Validando campo: total. Valor esperado: 12
dez. 04, 2024 3:34:55 PM com.outsera.tests.steps.api.ValidaacoApiSteps validarCampoInt
INFORMAÇÕES: Campo validado com sucesso.
dez. 04, 2024 3:34:55 PM com.outsera.tests.steps.api.ValidaacoApiSteps validarCampoInt
INFORMAÇÕES: Validando campo: total_pages. Valor esperado: 2
dez. 04, 2024 3:34:55 PM com.outsera.tests.steps.api.ValidaacoApiSteps validarCampoInt
INFORMAÇÕES: Campo validado com sucesso.
dez. 04, 2024 3:34:55 PM com.outsera.tests.steps.api.ValidaacoApiSteps validarCampoString
INFORMAÇÕES: Validando campo: data[0].first_name. Valor esperado: George
dez. 04, 2024 3:34:55 PM com.outsera.tests.steps.api.ValidaacoApiSteps validarCampoString
INFORMAÇÕES: Campo validado com sucesso.
dez. 04, 2024 3:34:55 PM com.outsera.tests.steps.api.ValidaacoApiSteps validarCampoString
INFORMAÇÕES: Validando campo: data[1].last_name. Valor esperado: Weaver
dez. 04, 2024 3:34:55 PM com.outsera.tests.steps.api.ValidaacoApiSteps validarCampoString
INFORMAÇÕES: Campo validado com sucesso.
dez. 04, 2024 3:34:55 PM com.outsera.tests.steps.api.ValidaacoApiSteps validarCampoString
INFORMAÇÕES: Validando campo: data[5].email. Valor esperado: tracey.ramos@reqres.in
dez. 04, 2024 3:34:55 PM com.outsera.tests.steps.api.ValidaacoApiSteps validarCampoString
INFORMAÇÕES: Campo validado com sucesso.
dez. 04, 2024 3:34:55 PM com.outsera.tests.steps.api.ValidaacoApiSteps configurarApi
INFORMAÇÕES: API configurada com headers: {Content-Type=application/json}
dez. 04, 2024 3:34:55 PM com.outsera.tests.steps.api.ValidaacoApiSteps euFacoUmaRequisicaoPUT
INFORMAÇÕES: Iniciando requisição PUT para: /api/users/2 com payload: {name=morpheus, job=zion resident}
dez. 04, 2024 3:34:56 PM com.outsera.tests.steps.api.ValidaacoApiSteps euFacoUmaRequisicaoPUT
INFORMAÇÕES: Resposta recebida: {
    "name": "morpheus",
    "job": "zion resident",
    "updatedAt": "2024-12-04T18:34:56.195Z"
}
dez. 04, 2024 3:34:56 PM com.outsera.tests.steps.api.ValidaacoApiSteps validarStatusDaResposta
INFORMAÇÕES: Validando status da resposta. Esperado: 200
dez. 04, 2024 3:34:56 PM com.outsera.tests.steps.api.ValidaacoApiSteps validarStatusDaResposta
INFORMAÇÕES: Status validado com sucesso.
dez. 04, 2024 3:34:56 PM com.outsera.tests.steps.api.ValidaacoApiSteps validarCampoString
INFORMAÇÕES: Validando campo: name. Valor esperado: morpheus
dez. 04, 2024 3:34:56 PM com.outsera.tests.steps.api.ValidaacoApiSteps validarCampoString
INFORMAÇÕES: Campo validado com sucesso.
dez. 04, 2024 3:34:56 PM com.outsera.tests.steps.api.ValidaacoApiSteps validarCampoString
INFORMAÇÕES: Validando campo: job. Valor esperado: zion resident
dez. 04, 2024 3:34:56 PM com.outsera.tests.steps.api.ValidaacoApiSteps validarCampoString
INFORMAÇÕES: Campo validado com sucesso.
dez. 04, 2024 3:34:56 PM com.outsera.tests.steps.api.ValidaacoApiSteps configurarApi
INFORMAÇÕES: API configurada com headers: {Content-Type=application/json}
dez. 04, 2024 3:34:56 PM com.outsera.tests.steps.api.ValidaacoApiSteps euFacoUmaRequisicaoDELETE
INFORMAÇÕES: Iniciando requisição DELETE para: /api/users/2
dez. 04, 2024 3:34:56 PM com.outsera.tests.steps.api.ValidaacoApiSteps euFacoUmaRequisicaoDELETE
INFORMAÇÕES: Resposta recebida: 
dez. 04, 2024 3:34:56 PM com.outsera.tests.steps.api.ValidaacoApiSteps validarStatusDaResposta
INFORMAÇÕES: Validando status da resposta. Esperado: 204
dez. 04, 2024 3:34:56 PM com.outsera.tests.steps.api.ValidaacoApiSteps validarStatusDaResposta
INFORMAÇÕES: Status validado com sucesso.
dez. 04, 2024 3:36:23 PM com.outsera.tests.steps.api.ValidaacoApiSteps configurarApi
INFORMAÇÕES: API configurada com headers: {Content-Type=application/json}
dez. 04, 2024 3:36:23 PM com.outsera.tests.steps.api.ValidaacoApiSteps euFacoUmaRequisicaoGET
INFORMAÇÕES: Iniciando requisição GET para: /api/users?page=2
dez. 04, 2024 3:36:24 PM com.outsera.tests.steps.api.ValidaacoApiSteps euFacoUmaRequisicaoGET
INFORMAÇÕES: Resposta recebida: {
    "page": 2,
    "per_page": 6,
    "total": 12,
    "total_pages": 2,
    "data": [
        {
            "id": 7,
            "email": "michael.lawson@reqres.in",
            "first_name": "Michael",
            "last_name": "Lawson",
            "avatar": "https://reqres.in/img/faces/7-image.jpg"
        },
        {
            "id": 8,
            "email": "lindsay.ferguson@reqres.in",
            "first_name": "Lindsay",
            "last_name": "Ferguson",
            "avatar": "https://reqres.in/img/faces/8-image.jpg"
        },
        {
            "id": 9,
            "email": "tobias.funke@reqres.in",
            "first_name": "Tobias",
            "last_name": "Funke",
            "avatar": "https://reqres.in/img/faces/9-image.jpg"
        },
        {
            "id": 10,
            "email": "byron.fields@reqres.in",
            "first_name": "Byron",
            "last_name": "Fields",
            "avatar": "https://reqres.in/img/faces/10-image.jpg"
        },
        {
            "id": 11,
            "email": "george.edwards@reqres.in",
            "first_name": "George",
            "last_name": "Edwards",
            "avatar": "https://reqres.in/img/faces/11-image.jpg"
        },
        {
            "id": 12,
            "email": "rachel.howell@reqres.in",
            "first_name": "Rachel",
            "last_name": "Howell",
            "avatar": "https://reqres.in/img/faces/12-image.jpg"
        }
    ],
    "support": {
        "url": "https://contentcaddy.io?utm_source=reqres&utm_medium=json&utm_campaign=referral",
        "text": "Tired of writing endless social media content? Let Content Caddy generate it for you."
    }
}
dez. 04, 2024 3:36:24 PM com.outsera.tests.steps.api.ValidaacoApiSteps validarStatusDaResposta
INFORMAÇÕES: Validando status da resposta. Esperado: 200
dez. 04, 2024 3:36:24 PM com.outsera.tests.steps.api.ValidaacoApiSteps validarStatusDaResposta
INFORMAÇÕES: Status validado com sucesso.
dez. 04, 2024 3:36:24 PM com.outsera.tests.steps.api.ValidaacoApiSteps validarCampoInt
INFORMAÇÕES: Validando campo: page. Valor esperado: 2
dez. 04, 2024 3:36:24 PM com.outsera.tests.steps.api.ValidaacoApiSteps validarCampoInt
INFORMAÇÕES: Campo validado com sucesso.
dez. 04, 2024 3:36:24 PM com.outsera.tests.steps.api.ValidaacoApiSteps validarCampoInt
INFORMAÇÕES: Validando campo: total. Valor esperado: 12
dez. 04, 2024 3:36:24 PM com.outsera.tests.steps.api.ValidaacoApiSteps validarCampoInt
INFORMAÇÕES: Campo validado com sucesso.
dez. 04, 2024 3:36:24 PM com.outsera.tests.steps.api.ValidaacoApiSteps configurarApi
INFORMAÇÕES: API configurada com headers: {Content-Type=application/json}
dez. 04, 2024 3:36:24 PM com.outsera.tests.steps.api.ValidaacoApiSteps euFacoUmaRequisicaoGET
INFORMAÇÕES: Iniciando requisição GET para: /api/users
dez. 04, 2024 3:36:25 PM com.outsera.tests.steps.api.ValidaacoApiSteps euFacoUmaRequisicaoGET
INFORMAÇÕES: Resposta recebida: {
    "page": 1,
    "per_page": 6,
    "total": 12,
    "total_pages": 2,
    "data": [
        {
            "id": 1,
            "email": "george.bluth@reqres.in",
            "first_name": "George",
            "last_name": "Bluth",
            "avatar": "https://reqres.in/img/faces/1-image.jpg"
        },
        {
            "id": 2,
            "email": "janet.weaver@reqres.in",
            "first_name": "Janet",
            "last_name": "Weaver",
            "avatar": "https://reqres.in/img/faces/2-image.jpg"
        },
        {
            "id": 3,
            "email": "emma.wong@reqres.in",
            "first_name": "Emma",
            "last_name": "Wong",
            "avatar": "https://reqres.in/img/faces/3-image.jpg"
        },
        {
            "id": 4,
            "email": "eve.holt@reqres.in",
            "first_name": "Eve",
            "last_name": "Holt",
            "avatar": "https://reqres.in/img/faces/4-image.jpg"
        },
        {
            "id": 5,
            "email": "charles.morris@reqres.in",
            "first_name": "Charles",
            "last_name": "Morris",
            "avatar": "https://reqres.in/img/faces/5-image.jpg"
        },
        {
            "id": 6,
            "email": "tracey.ramos@reqres.in",
            "first_name": "Tracey",
            "last_name": "Ramos",
            "avatar": "https://reqres.in/img/faces/6-image.jpg"
        }
    ],
    "support": {
        "url": "https://contentcaddy.io?utm_source=reqres&utm_medium=json&utm_campaign=referral",
        "text": "Tired of writing endless social media content? Let Content Caddy generate it for you."
    }
}
dez. 04, 2024 3:36:25 PM com.outsera.tests.steps.api.ValidaacoApiSteps validarStatusDaResposta
INFORMAÇÕES: Validando status da resposta. Esperado: 200
dez. 04, 2024 3:36:25 PM com.outsera.tests.steps.api.ValidaacoApiSteps validarStatusDaResposta
INFORMAÇÕES: Status validado com sucesso.
dez. 04, 2024 3:36:25 PM com.outsera.tests.steps.api.ValidaacoApiSteps validarCampoInt
INFORMAÇÕES: Validando campo: page. Valor esperado: 1
dez. 04, 2024 3:36:25 PM com.outsera.tests.steps.api.ValidaacoApiSteps validarCampoInt
INFORMAÇÕES: Campo validado com sucesso.
dez. 04, 2024 3:36:25 PM com.outsera.tests.steps.api.ValidaacoApiSteps validarCampoInt
INFORMAÇÕES: Validando campo: per_page. Valor esperado: 6
dez. 04, 2024 3:36:25 PM com.outsera.tests.steps.api.ValidaacoApiSteps validarCampoInt
INFORMAÇÕES: Campo validado com sucesso.
dez. 04, 2024 3:36:25 PM com.outsera.tests.steps.api.ValidaacoApiSteps validarCampoInt
INFORMAÇÕES: Validando campo: total. Valor esperado: 12
dez. 04, 2024 3:36:25 PM com.outsera.tests.steps.api.ValidaacoApiSteps validarCampoInt
INFORMAÇÕES: Campo validado com sucesso.
dez. 04, 2024 3:36:25 PM com.outsera.tests.steps.api.ValidaacoApiSteps validarCampoInt
INFORMAÇÕES: Validando campo: total_pages. Valor esperado: 2
dez. 04, 2024 3:36:25 PM com.outsera.tests.steps.api.ValidaacoApiSteps validarCampoInt
INFORMAÇÕES: Campo validado com sucesso.
dez. 04, 2024 3:36:25 PM com.outsera.tests.steps.api.ValidaacoApiSteps validarCampoString
INFORMAÇÕES: Validando campo: data[0].first_name. Valor esperado: George
dez. 04, 2024 3:36:25 PM com.outsera.tests.steps.api.ValidaacoApiSteps validarCampoString
INFORMAÇÕES: Campo validado com sucesso.
dez. 04, 2024 3:36:25 PM com.outsera.tests.steps.api.ValidaacoApiSteps validarCampoString
INFORMAÇÕES: Validando campo: data[1].last_name. Valor esperado: Weaver
dez. 04, 2024 3:36:25 PM com.outsera.tests.steps.api.ValidaacoApiSteps validarCampoString
INFORMAÇÕES: Campo validado com sucesso.
dez. 04, 2024 3:36:25 PM com.outsera.tests.steps.api.ValidaacoApiSteps validarCampoString
INFORMAÇÕES: Validando campo: data[5].email. Valor esperado: tracey.ramos@reqres.in
dez. 04, 2024 3:36:25 PM com.outsera.tests.steps.api.ValidaacoApiSteps validarCampoString
INFORMAÇÕES: Campo validado com sucesso.
dez. 04, 2024 3:36:25 PM com.outsera.tests.steps.api.ValidaacoApiSteps configurarApi
INFORMAÇÕES: API configurada com headers: {Content-Type=application/json}
dez. 04, 2024 3:36:25 PM com.outsera.tests.steps.api.ValidaacoApiSteps euFacoUmaRequisicaoPUT
INFORMAÇÕES: Iniciando requisição PUT para: /api/users/2 com payload: {name=morpheus, job=zion resident}
dez. 04, 2024 3:36:25 PM com.outsera.tests.steps.api.ValidaacoApiSteps euFacoUmaRequisicaoPUT
INFORMAÇÕES: Resposta recebida: {
    "name": "morpheus",
    "job": "zion resident",
    "updatedAt": "2024-12-04T18:36:25.580Z"
}
dez. 04, 2024 3:36:25 PM com.outsera.tests.steps.api.ValidaacoApiSteps validarStatusDaResposta
INFORMAÇÕES: Validando status da resposta. Esperado: 200
dez. 04, 2024 3:36:25 PM com.outsera.tests.steps.api.ValidaacoApiSteps validarStatusDaResposta
INFORMAÇÕES: Status validado com sucesso.
dez. 04, 2024 3:36:25 PM com.outsera.tests.steps.api.ValidaacoApiSteps validarCampoString
INFORMAÇÕES: Validando campo: name. Valor esperado: morpheus
dez. 04, 2024 3:36:25 PM com.outsera.tests.steps.api.ValidaacoApiSteps validarCampoString
INFORMAÇÕES: Campo validado com sucesso.
dez. 04, 2024 3:36:25 PM com.outsera.tests.steps.api.ValidaacoApiSteps validarCampoString
INFORMAÇÕES: Validando campo: job. Valor esperado: zion resident
dez. 04, 2024 3:36:25 PM com.outsera.tests.steps.api.ValidaacoApiSteps validarCampoString
INFORMAÇÕES: Campo validado com sucesso.
dez. 04, 2024 3:36:25 PM com.outsera.tests.steps.api.ValidaacoApiSteps configurarApi
INFORMAÇÕES: API configurada com headers: {Content-Type=application/json}
dez. 04, 2024 3:36:25 PM com.outsera.tests.steps.api.ValidaacoApiSteps euFacoUmaRequisicaoDELETE
INFORMAÇÕES: Iniciando requisição DELETE para: /api/users/2
dez. 04, 2024 3:36:26 PM com.outsera.tests.steps.api.ValidaacoApiSteps euFacoUmaRequisicaoDELETE
INFORMAÇÕES: Resposta recebida: 
dez. 04, 2024 3:36:26 PM com.outsera.tests.steps.api.ValidaacoApiSteps validarStatusDaResposta
INFORMAÇÕES: Validando status da resposta. Esperado: 204
dez. 04, 2024 3:36:26 PM com.outsera.tests.steps.api.ValidaacoApiSteps validarStatusDaResposta
INFORMAÇÕES: Status validado com sucesso.
dez. 04, 2024 3:37:31 PM com.outsera.tests.steps.api.ValidaacoApiSteps configurarApi
INFORMAÇÕES: API configurada com headers: {Content-Type=application/json}
dez. 04, 2024 3:37:31 PM com.outsera.tests.steps.api.ValidaacoApiSteps euFacoUmaRequisicaoGET
INFORMAÇÕES: Iniciando requisição GET para: /api/users?page=2
dez. 04, 2024 3:37:32 PM com.outsera.tests.steps.api.ValidaacoApiSteps euFacoUmaRequisicaoGET
INFORMAÇÕES: Resposta recebida: {
    "page": 2,
    "per_page": 6,
    "total": 12,
    "total_pages": 2,
    "data": [
        {
            "id": 7,
            "email": "michael.lawson@reqres.in",
            "first_name": "Michael",
            "last_name": "Lawson",
            "avatar": "https://reqres.in/img/faces/7-image.jpg"
        },
        {
            "id": 8,
            "email": "lindsay.ferguson@reqres.in",
            "first_name": "Lindsay",
            "last_name": "Ferguson",
            "avatar": "https://reqres.in/img/faces/8-image.jpg"
        },
        {
            "id": 9,
            "email": "tobias.funke@reqres.in",
            "first_name": "Tobias",
            "last_name": "Funke",
            "avatar": "https://reqres.in/img/faces/9-image.jpg"
        },
        {
            "id": 10,
            "email": "byron.fields@reqres.in",
            "first_name": "Byron",
            "last_name": "Fields",
            "avatar": "https://reqres.in/img/faces/10-image.jpg"
        },
        {
            "id": 11,
            "email": "george.edwards@reqres.in",
            "first_name": "George",
            "last_name": "Edwards",
            "avatar": "https://reqres.in/img/faces/11-image.jpg"
        },
        {
            "id": 12,
            "email": "rachel.howell@reqres.in",
            "first_name": "Rachel",
            "last_name": "Howell",
            "avatar": "https://reqres.in/img/faces/12-image.jpg"
        }
    ],
    "support": {
        "url": "https://contentcaddy.io?utm_source=reqres&utm_medium=json&utm_campaign=referral",
        "text": "Tired of writing endless social media content? Let Content Caddy generate it for you."
    }
}
dez. 04, 2024 3:37:32 PM com.outsera.tests.steps.api.ValidaacoApiSteps validarStatusDaResposta
INFORMAÇÕES: Validando status da resposta. Esperado: 200
dez. 04, 2024 3:37:32 PM com.outsera.tests.steps.api.ValidaacoApiSteps validarStatusDaResposta
INFORMAÇÕES: Status validado com sucesso.
dez. 04, 2024 3:37:32 PM com.outsera.tests.steps.api.ValidaacoApiSteps validarCampoInt
INFORMAÇÕES: Validando campo: page. Valor esperado: 2
dez. 04, 2024 3:37:33 PM com.outsera.tests.steps.api.ValidaacoApiSteps validarCampoInt
INFORMAÇÕES: Campo validado com sucesso.
dez. 04, 2024 3:37:33 PM com.outsera.tests.steps.api.ValidaacoApiSteps validarCampoInt
INFORMAÇÕES: Validando campo: total. Valor esperado: 12
dez. 04, 2024 3:37:33 PM com.outsera.tests.steps.api.ValidaacoApiSteps validarCampoInt
INFORMAÇÕES: Campo validado com sucesso.
dez. 04, 2024 3:37:33 PM com.outsera.tests.steps.api.ValidaacoApiSteps configurarApi
INFORMAÇÕES: API configurada com headers: {Content-Type=application/json}
dez. 04, 2024 3:37:33 PM com.outsera.tests.steps.api.ValidaacoApiSteps euFacoUmaRequisicaoGET
INFORMAÇÕES: Iniciando requisição GET para: /api/users
dez. 04, 2024 3:37:33 PM com.outsera.tests.steps.api.ValidaacoApiSteps euFacoUmaRequisicaoGET
INFORMAÇÕES: Resposta recebida: {
    "page": 1,
    "per_page": 6,
    "total": 12,
    "total_pages": 2,
    "data": [
        {
            "id": 1,
            "email": "george.bluth@reqres.in",
            "first_name": "George",
            "last_name": "Bluth",
            "avatar": "https://reqres.in/img/faces/1-image.jpg"
        },
        {
            "id": 2,
            "email": "janet.weaver@reqres.in",
            "first_name": "Janet",
            "last_name": "Weaver",
            "avatar": "https://reqres.in/img/faces/2-image.jpg"
        },
        {
            "id": 3,
            "email": "emma.wong@reqres.in",
            "first_name": "Emma",
            "last_name": "Wong",
            "avatar": "https://reqres.in/img/faces/3-image.jpg"
        },
        {
            "id": 4,
            "email": "eve.holt@reqres.in",
            "first_name": "Eve",
            "last_name": "Holt",
            "avatar": "https://reqres.in/img/faces/4-image.jpg"
        },
        {
            "id": 5,
            "email": "charles.morris@reqres.in",
            "first_name": "Charles",
            "last_name": "Morris",
            "avatar": "https://reqres.in/img/faces/5-image.jpg"
        },
        {
            "id": 6,
            "email": "tracey.ramos@reqres.in",
            "first_name": "Tracey",
            "last_name": "Ramos",
            "avatar": "https://reqres.in/img/faces/6-image.jpg"
        }
    ],
    "support": {
        "url": "https://contentcaddy.io?utm_source=reqres&utm_medium=json&utm_campaign=referral",
        "text": "Tired of writing endless social media content? Let Content Caddy generate it for you."
    }
}
dez. 04, 2024 3:37:33 PM com.outsera.tests.steps.api.ValidaacoApiSteps validarStatusDaResposta
INFORMAÇÕES: Validando status da resposta. Esperado: 200
dez. 04, 2024 3:37:33 PM com.outsera.tests.steps.api.ValidaacoApiSteps validarStatusDaResposta
INFORMAÇÕES: Status validado com sucesso.
dez. 04, 2024 3:37:33 PM com.outsera.tests.steps.api.ValidaacoApiSteps validarCampoInt
INFORMAÇÕES: Validando campo: page. Valor esperado: 1
dez. 04, 2024 3:37:33 PM com.outsera.tests.steps.api.ValidaacoApiSteps validarCampoInt
INFORMAÇÕES: Campo validado com sucesso.
dez. 04, 2024 3:37:33 PM com.outsera.tests.steps.api.ValidaacoApiSteps validarCampoInt
INFORMAÇÕES: Validando campo: per_page. Valor esperado: 6
dez. 04, 2024 3:37:33 PM com.outsera.tests.steps.api.ValidaacoApiSteps validarCampoInt
INFORMAÇÕES: Campo validado com sucesso.
dez. 04, 2024 3:37:33 PM com.outsera.tests.steps.api.ValidaacoApiSteps validarCampoInt
INFORMAÇÕES: Validando campo: total. Valor esperado: 12
dez. 04, 2024 3:37:33 PM com.outsera.tests.steps.api.ValidaacoApiSteps validarCampoInt
INFORMAÇÕES: Campo validado com sucesso.
dez. 04, 2024 3:37:33 PM com.outsera.tests.steps.api.ValidaacoApiSteps validarCampoInt
INFORMAÇÕES: Validando campo: total_pages. Valor esperado: 2
dez. 04, 2024 3:37:33 PM com.outsera.tests.steps.api.ValidaacoApiSteps validarCampoInt
INFORMAÇÕES: Campo validado com sucesso.
dez. 04, 2024 3:37:33 PM com.outsera.tests.steps.api.ValidaacoApiSteps validarCampoString
INFORMAÇÕES: Validando campo: data[0].first_name. Valor esperado: George
dez. 04, 2024 3:37:33 PM com.outsera.tests.steps.api.ValidaacoApiSteps validarCampoString
INFORMAÇÕES: Campo validado com sucesso.
dez. 04, 2024 3:37:33 PM com.outsera.tests.steps.api.ValidaacoApiSteps validarCampoString
INFORMAÇÕES: Validando campo: data[1].last_name. Valor esperado: Weaver
dez. 04, 2024 3:37:33 PM com.outsera.tests.steps.api.ValidaacoApiSteps validarCampoString
INFORMAÇÕES: Campo validado com sucesso.
dez. 04, 2024 3:37:33 PM com.outsera.tests.steps.api.ValidaacoApiSteps validarCampoString
INFORMAÇÕES: Validando campo: data[5].email. Valor esperado: tracey.ramos@reqres.in
dez. 04, 2024 3:37:33 PM com.outsera.tests.steps.api.ValidaacoApiSteps validarCampoString
INFORMAÇÕES: Campo validado com sucesso.
dez. 04, 2024 3:37:33 PM com.outsera.tests.steps.api.ValidaacoApiSteps configurarApi
INFORMAÇÕES: API configurada com headers: {Content-Type=application/json}
dez. 04, 2024 3:37:33 PM com.outsera.tests.steps.api.ValidaacoApiSteps euFacoUmaRequisicaoPUT
INFORMAÇÕES: Iniciando requisição PUT para: /api/users/2 com payload: {name=morpheus, job=zion resident}
dez. 04, 2024 3:37:34 PM com.outsera.tests.steps.api.ValidaacoApiSteps euFacoUmaRequisicaoPUT
INFORMAÇÕES: Resposta recebida: {
    "name": "morpheus",
    "job": "zion resident",
    "updatedAt": "2024-12-04T18:37:34.113Z"
}
dez. 04, 2024 3:37:34 PM com.outsera.tests.steps.api.ValidaacoApiSteps validarStatusDaResposta
INFORMAÇÕES: Validando status da resposta. Esperado: 200
dez. 04, 2024 3:37:34 PM com.outsera.tests.steps.api.ValidaacoApiSteps validarStatusDaResposta
INFORMAÇÕES: Status validado com sucesso.
dez. 04, 2024 3:37:34 PM com.outsera.tests.steps.api.ValidaacoApiSteps validarCampoString
INFORMAÇÕES: Validando campo: name. Valor esperado: morpheus
dez. 04, 2024 3:37:34 PM com.outsera.tests.steps.api.ValidaacoApiSteps validarCampoString
INFORMAÇÕES: Campo validado com sucesso.
dez. 04, 2024 3:37:34 PM com.outsera.tests.steps.api.ValidaacoApiSteps validarCampoString
INFORMAÇÕES: Validando campo: job. Valor esperado: zion resident
dez. 04, 2024 3:37:34 PM com.outsera.tests.steps.api.ValidaacoApiSteps validarCampoString
INFORMAÇÕES: Campo validado com sucesso.
dez. 04, 2024 3:37:34 PM com.outsera.tests.steps.api.ValidaacoApiSteps configurarApi
INFORMAÇÕES: API configurada com headers: {Content-Type=application/json}
dez. 04, 2024 3:37:34 PM com.outsera.tests.steps.api.ValidaacoApiSteps euFacoUmaRequisicaoDELETE
INFORMAÇÕES: Iniciando requisição DELETE para: /api/users/2
dez. 04, 2024 3:37:34 PM com.outsera.tests.steps.api.ValidaacoApiSteps euFacoUmaRequisicaoDELETE
INFORMAÇÕES: Resposta recebida: 
dez. 04, 2024 3:37:34 PM com.outsera.tests.steps.api.ValidaacoApiSteps validarStatusDaResposta
INFORMAÇÕES: Validando status da resposta. Esperado: 204
dez. 04, 2024 3:37:34 PM com.outsera.tests.steps.api.ValidaacoApiSteps validarStatusDaResposta
INFORMAÇÕES: Status validado com sucesso.
